Determining if the pthread_create exist failed with the following output:
Change Dir: /home/h2amer/work/workspace/bbp_jpeg/jpeg_tcm_no_cv/jpeg_tcm_cmake/CMakeFiles/CMakeTmp

Run Build Command:"/usr/bin/make" "cmTC_51ea1/fast"
/usr/bin/make -f CMakeFiles/cmTC_51ea1.dir/build.make CMakeFiles/cmTC_51ea1.dir/build
make[1]: Entering directory '/home/h2amer/work/workspace/bbp_jpeg/jpeg_tcm_no_cv/jpeg_tcm_cmake/CMakeFiles/CMakeTmp'
Building C object CMakeFiles/cmTC_51ea1.dir/CheckSymbolExists.c.o
/usr/bin/cc    -o CMakeFiles/cmTC_51ea1.dir/CheckSymbolExists.c.o   -c /home/h2amer/work/workspace/bbp_jpeg/jpeg_tcm_no_cv/jpeg_tcm_cmake/CMakeFiles/CMakeTmp/CheckSymbolExists.c
Linking C executable cmTC_51ea1
/usr/bin/cmake -E cmake_link_script CMakeFiles/cmTC_51ea1.dir/link.txt --verbose=1
/usr/bin/cc      CMakeFiles/cmTC_51ea1.dir/CheckSymbolExists.c.o  -o cmTC_51ea1 
CMakeFiles/cmTC_51ea1.dir/CheckSymbolExists.c.o: In function `main':
CheckSymbolExists.c:(.text+0x1b): undefined reference to `pthread_create'
collect2: error: ld returned 1 exit status
CMakeFiles/cmTC_51ea1.dir/build.make:97: recipe for target 'cmTC_51ea1' failed
make[1]: *** [cmTC_51ea1] Error 1
make[1]: Leaving directory '/home/h2amer/work/workspace/bbp_jpeg/jpeg_tcm_no_cv/jpeg_tcm_cmake/CMakeFiles/CMakeTmp'
Makefile:126: recipe for target 'cmTC_51ea1/fast' failed
make: *** [cmTC_51ea1/fast] Error 2

File /home/h2amer/work/workspace/bbp_jpeg/jpeg_tcm_no_cv/jpeg_tcm_cmake/CMakeFiles/CMakeTmp/CheckSymbolExists.c:
/* */
#include <pthread.h>

int main(int argc, char** argv)
{
  (void)argv;
#ifndef pthread_create
  return ((int*)(&pthread_create))[argc];
#else
  (void)argc;
  return 0;
#endif
}

Determining if the function pthread_create exists in the pthreads failed with the following output:
Change Dir: /home/h2amer/work/workspace/bbp_jpeg/jpeg_tcm_no_cv/jpeg_tcm_cmake/CMakeFiles/CMakeTmp

Run Build Command:"/usr/bin/make" "cmTC_71f80/fast"
/usr/bin/make -f CMakeFiles/cmTC_71f80.dir/build.make CMakeFiles/cmTC_71f80.dir/build
make[1]: Entering directory '/home/h2amer/work/workspace/bbp_jpeg/jpeg_tcm_no_cv/jpeg_tcm_cmake/CMakeFiles/CMakeTmp'
Building C object CMakeFiles/cmTC_71f80.dir/CheckFunctionExists.c.o
/usr/bin/cc   -DCHECK_FUNCTION_EXISTS=pthread_create   -o CMakeFiles/cmTC_71f80.dir/CheckFunctionExists.c.o   -c /usr/share/cmake-3.10/Modules/CheckFunctionExists.c
Linking C executable cmTC_71f80
/usr/bin/cmake -E cmake_link_script CMakeFiles/cmTC_71f80.dir/link.txt --verbose=1
/usr/bin/cc  -DCHECK_FUNCTION_EXISTS=pthread_create    CMakeFiles/cmTC_71f80.dir/CheckFunctionExists.c.o  -o cmTC_71f80 -lpthreads 
/usr/bin/ld: cannot find -lpthreads
collect2: error: ld returned 1 exit status
CMakeFiles/cmTC_71f80.dir/build.make:97: recipe for target 'cmTC_71f80' failed
make[1]: *** [cmTC_71f80] Error 1
make[1]: Leaving directory '/home/h2amer/work/workspace/bbp_jpeg/jpeg_tcm_no_cv/jpeg_tcm_cmake/CMakeFiles/CMakeTmp'
Makefile:126: recipe for target 'cmTC_71f80/fast' failed
make: *** [cmTC_71f80/fast] Error 2


